<?xml version="1.0" encoding="UTF-8"?>
<!-- Generated by org.testng.reporters.JUnitXMLReporter -->
<testsuite hostname="VD-MDU-MMA12" ignored="3" name="Regression Test" tests="6" failures="0" timestamp="2019-12-23T18:27:48 IST" time="57.994" errors="0">
  <testcase name="ClickInteractions_Verify" time="1.312" classname="TestCases.HomePage_TestCases"/>
  <testcase name="ClickWidgets_Verify" time="0.816" classname="TestCases.HomePage_TestCases"/>
  <testcase name="ClickTooltip_Verify" time="3.698" classname="TestCases.HomePage_TestCases"/>
  <testcase name="ClickHome_Verify" time="11.961" classname="TestCases.HomePage_TestCases"/>
  <testcase name="ClickAccordion_Verify" time="19.707" classname="TestCases.WidgetPage_TestCases"/>
  <testcase name="ClickAutocomplete_Verify" time="12.312" classname="TestCases.WidgetPage_TestCases"/>
  <testcase name="@BeforeTest LaunchApp" time="0.0" classname="TestCases.TestBase">
    <ignored/>
  </testcase> <!-- @BeforeTest LaunchApp -->
  <testcase name="@BeforeSuite LaunchBrowser" time="0.0" classname="TestCases.TestBase">
    <ignored/>
  </testcase> <!-- @BeforeSuite LaunchBrowser -->
  <testcase name="@AfterSuite TearDown" time="0.0" classname="TestCases.TestBase">
    <ignored/>
  </testcase> <!-- @AfterSuite TearDown -->
</testsuite> <!-- Regression Test -->
